<?xml version="1.0" encoding="UTF-8"?>
<!--
  SCA4J
  Copyright (c) 2008-2012 Service Symphony Limited
 
  This proprietary software may be used only in connection with the SCA4J license
  (the ?License?), a copy of which is included in the software or may be obtained 
  at: http://www.servicesymphony.com/licenses/license.html.
 
  Software distributed under the License is distributed on an as is basis, without 
  warranties or conditions of any kind.  See the License for the specific language 
  governing permissions and limitations of use of the software. This software is 
  distributed in conjunction with other software licensed under different terms. 
  See the separate licenses for those programs included in the distribution for the 
  permitted and restricted uses of such software.
 -->
<definitions xmlns="http://www.osoa.org/xmlns/sca/1.0"
    xmlns:sca="http://www.osoa.org/xmlns/sca/1.0"
    targetNamespace="urn:sca4j.org"
    xmlns:sca4j="urn:sca4j.org">
    
    <!-- Authentication policy -->
    <policySet name="authenticationPolicy" 
               provides="sca:authentication.message"
               appliesTo="@name='ftpDataTransferService' and ../@name='DataTransferTest'">
        <sca4j:security user="meeraj" password="password"/>
    </policySet>
    <policySet name="authenticationPolicyRetrieval" 
               provides="sca:authentication.message"
               appliesTo="@name='retrievalService' and ../@name='FtpRetrievalTest'">
        <sca4j:security user="meeraj" password="password"/>
    </policySet>
    
</definitions>
